# JRE version: Java(TM) SE Runtime Environment (8.0_161-b12) (build 1.8.0_161-b12)
# Java VM: Java HotSpot(TM) 64-Bit Server VM (25.161-b12 mixed mode windows-amd64 compressed oops)
Heap:
 PSYoungGen      total 217088K, used 48023K [0x00000000eab00000, 0x00000000fe300000, 0x0000000100000000)
  eden space 202752K, 18% used [0x00000000eab00000,0x00000000ed034e90,0x00000000f7100000)
  from space 14336K, 69% used [0x00000000f7100000,0x00000000f7ab0ed0,0x00000000f7f00000)
  to   space 28672K, 0% used [0x00000000fc700000,0x00000000fc700000,0x00000000fe300000)
 ParOldGen       total 98304K, used 49029K [0x00000000c0000000, 0x00000000c6000000, 0x00000000eab00000)
  object space 98304K, 49% used [0x00000000c0000000,0x00000000c2fe1458,0x00000000c6000000)
 Metaspace       used 63516K, capacity 65774K, committed 65944K, reserved 1105920K
  class space    used 8520K, capacity 9058K, committed 9136K, reserved 1048576K
GC Heap History (10 events):
Event: 8.894 GC heap before
{Heap before GC invocations=8 (full 2):
 PSYoungGen      total 217088K, used 9676K [0x00000000eab00000, 0x00000000f9300000, 0x0000000100000000)
  eden space 202752K, 0% used [0x00000000eab00000,0x00000000eab00000,0x00000000f7100000)
  from space 14336K, 67% used [0x00000000f7f00000,0x00000000f8873060,0x00000000f8d00000)
  to   space 14336K, 0% used [0x00000000f7100000,0x00000000f7100000,0x00000000f7f00000)
 ParOldGen       total 62976K, used 16146K [0x00000000c0000000, 0x00000000c3d80000, 0x00000000eab00000)
  object space 62976K, 25% used [0x00000000c0000000,0x00000000c0fc4810,0x00000000c3d80000)
 Metaspace       used 34851K, capacity 35428K, committed 35496K, reserved 1079296K
  class space    used 4843K, capacity 5040K, committed 5040K, reserved 1048576K
Event: 8.962 GC heap after
Heap after GC invocations=8 (full 2):
 PSYoungGen      total 217088K, used 0K [0x00000000eab00000, 0x00000000f9300000, 0x0000000100000000)
  eden space 202752K, 0% used [0x00000000eab00000,0x00000000eab00000,0x00000000f7100000)
  from space 14336K, 0% used [0x00000000f7f00000,0x00000000f7f00000,0x00000000f8d00000)
  to   space 14336K, 0% used [0x00000000f7100000,0x00000000f7100000,0x00000000f7f00000)
 ParOldGen       total 98304K, used 18958K [0x00000000c0000000, 0x00000000c6000000, 0x00000000eab00000)
  object space 98304K, 19% used [0x00000000c0000000,0x00000000c1283be0,0x00000000c6000000)
 Metaspace       used 34851K, capacity 35428K, committed 35496K, reserved 1079296K
  class space    used 4843K, capacity 5040K, committed 5040K, reserved 1048576K
}
Event: 14.919 GC heap before
{Heap before GC invocations=9 (full 2):
 PSYoungGen      total 217088K, used 202752K [0x00000000eab00000, 0x00000000f9300000, 0x0000000100000000)
  eden space 202752K, 100% used [0x00000000eab00000,0x00000000f7100000,0x00000000f7100000)
  from space 14336K, 0% used [0x00000000f7f00000,0x00000000f7f00000,0x00000000f8d00000)
  to   space 14336K, 0% used [0x00000000f7100000,0x00000000f7100000,0x00000000f7f00000)
 ParOldGen       total 98304K, used 18958K [0x00000000c0000000, 0x00000000c6000000, 0x00000000eab00000)
  object space 98304K, 19% used [0x00000000c0000000,0x00000000c1283be0,0x00000000c6000000)
 Metaspace       used 47758K, capacity 48570K, committed 48808K, reserved 1091584K
  class space    used 6573K, capacity 6819K, committed 6832K, reserved 1048576K
Event: 14.948 GC heap after
Heap after GC invocations=9 (full 2):
 PSYoungGen      total 217088K, used 14318K [0x00000000eab00000, 0x00000000ff580000, 0x0000000100000000)
  eden space 202752K, 0% used [0x00000000eab00000,0x00000000eab00000,0x00000000f7100000)
  from space 14336K, 99% used [0x00000000f7100000,0x00000000f7efbb18,0x00000000f7f00000)
  to   space 19456K, 0% used [0x00000000fe280000,0x00000000fe280000,0x00000000ff580000)
 ParOldGen       total 98304K, used 25466K [0x00000000c0000000, 0x00000000c6000000, 0x00000000eab00000)
  object space 98304K, 25% used [0x00000000c0000000,0x00000000c18deba8,0x00000000c6000000)
 Metaspace       used 47758K, capacity 48570K, committed 48808K, reserved 1091584K
  class space    used 6573K, capacity 6819K, committed 6832K, reserved 1048576K
}
Event: 23.716 GC heap before
{Heap before GC invocations=10 (full 2):
 PSYoungGen      total 217088K, used 203064K [0x00000000eab00000, 0x00000000ff580000, 0x0000000100000000)
  eden space 202752K, 93% used [0x00000000eab00000,0x00000000f6352830,0x00000000f7100000)
  from space 14336K, 99% used [0x00000000f7100000,0x00000000f7efbb18,0x00000000f7f00000)
  to   space 19456K, 0% used [0x00000000fe280000,0x00000000fe280000,0x00000000ff580000)
 ParOldGen       total 98304K, used 25466K [0x00000000c0000000, 0x00000000c6000000, 0x00000000eab00000)
  object space 98304K, 25% used [0x00000000c0000000,0x00000000c18deba8,0x00000000c6000000)
 Metaspace       used 56924K, capacity 59012K, committed 59160K, reserved 1099776K
  class space    used 7873K, capacity 8379K, committed 8496K, reserved 1048576K
Event: 23.754 GC heap after
Heap after GC invocations=10 (full 2):
 PSYoungGen      total 222208K, used 19442K [0x00000000eab00000, 0x00000000ff580000, 0x0000000100000000)
  eden space 202752K, 0% used [0x00000000eab00000,0x00000000eab00000,0x00000000f7100000)
  from space 19456K, 99% used [0x00000000fe280000,0x00000000ff57c980,0x00000000ff580000)
  to   space 14336K, 0% used [0x00000000f7100000,0x00000000f7100000,0x00000000f7f00000)
 ParOldGen       total 98304K, used 41703K [0x00000000c0000000, 0x00000000c6000000, 0x00000000eab00000)
  object space 98304K, 42% used [0x00000000c0000000,0x00000000c28b9ee0,0x00000000c6000000)
 Metaspace       used 56924K, capacity 59012K, committed 59160K, reserved 1099776K
  class space    used 7873K, capacity 8379K, committed 8496K, reserved 1048576K
}
Event: 23.754 GC heap before
{Heap before GC invocations=11 (full 3):
 PSYoungGen      total 222208K, used 19442K [0x00000000eab00000, 0x00000000ff580000, 0x0000000100000000)
  eden space 202752K, 0% used [0x00000000eab00000,0x00000000eab00000,0x00000000f7100000)
  from space 19456K, 99% used [0x00000000fe280000,0x00000000ff57c980,0x00000000ff580000)
  to   space 14336K, 0% used [0x00000000f7100000,0x00000000f7100000,0x00000000f7f00000)
 ParOldGen       total 98304K, used 41703K [0x00000000c0000000, 0x00000000c6000000, 0x00000000eab00000)
  object space 98304K, 42% used [0x00000000c0000000,0x00000000c28b9ee0,0x00000000c6000000)
 Metaspace       used 56924K, capacity 59012K, committed 59160K, reserved 1099776K
  class space    used 7873K, capacity 8379K, committed 8496K, reserved 1048576K
Event: 23.983 GC heap after
Heap after GC invocations=11 (full 3):
 PSYoungGen      total 222208K, used 0K [0x00000000eab00000, 0x00000000ff580000, 0x0000000100000000)
  eden space 202752K, 0% used [0x00000000eab00000,0x00000000eab00000,0x00000000f7100000)
  from space 19456K, 0% used [0x00000000fe280000,0x00000000fe280000,0x00000000ff580000)
  to   space 14336K, 0% used [0x00000000f7100000,0x00000000f7100000,0x00000000f7f00000)
 ParOldGen       total 98304K, used 49021K [0x00000000c0000000, 0x00000000c6000000, 0x00000000eab00000)
  object space 98304K, 49% used [0x00000000c0000000,0x00000000c2fdf458,0x00000000c6000000)
 Metaspace       used 56924K, capacity 59012K, committed 59160K, reserved 1099776K
  class space    used 7873K, capacity 8379K, committed 8496K, reserved 1048576K
}
Event: 33.818 GC heap before
{Heap before GC invocations=12 (full 3):
 PSYoungGen      total 222208K, used 202752K [0x00000000eab00000, 0x00000000ff580000, 0x0000000100000000)
  eden space 202752K, 100% used [0x00000000eab00000,0x00000000f7100000,0x00000000f7100000)
  from space 19456K, 0% used [0x00000000fe280000,0x00000000fe280000,0x00000000ff580000)
  to   space 14336K, 0% used [0x00000000f7100000,0x00000000f7100000,0x00000000f7f00000)
 ParOldGen       total 98304K, used 49021K [0x00000000c0000000, 0x00000000c6000000, 0x00000000eab00000)
  object space 98304K, 49% used [0x00000000c0000000,0x00000000c2fdf458,0x00000000c6000000)
 Metaspace       used 60870K, capacity 63062K, committed 63384K, reserved 1103872K
  class space    used 8321K, capacity 8840K, committed 8880K, reserved 1048576K
Event: 33.851 GC heap after
Heap after GC invocations=12 (full 3):
 PSYoungGen      total 217088K, used 9923K [0x00000000eab00000, 0x00000000fe300000, 0x0000000100000000)
  eden space 202752K, 0% used [0x00000000eab00000,0x00000000eab00000,0x00000000f7100000)
  from space 14336K, 69% used [0x00000000f7100000,0x00000000f7ab0ed0,0x00000000f7f00000)
  to   space 28672K, 0% used [0x00000000fc700000,0x00000000fc700000,0x00000000fe300000)
 ParOldGen       total 98304K, used 49029K [0x00000000c0000000, 0x00000000c6000000, 0x00000000eab00000)
  object space 98304K, 49% used [0x00000000c0000000,0x00000000c2fe1458,0x00000000c6000000)
 Metaspace       used 60870K, capacity 63062K, committed 63384K, reserved 1103872K
  class space    used 8321K, capacity 8840K, committed 8880K, reserved 1048576K
}

